#
# There is insufficient memory for the Java Runtime Environment to continue.
# Native memory allocation (malloc) failed to allocate 32744 bytes for Chunk::new
# Possible reasons:
#   The system is out of physical RAM or swap space
#   The process is running with CompressedOops enabled, and the Java Heap may be blocking the growth of the native heap
# Possible solutions:
#   Reduce memory load on the system
#   Increase physical memory or swap space
#   Check if swap backing store is full
#   Decrease Java heap size (-Xmx/-Xms)
#   Decrease number of Java threads
#   Set larger code cache with -XX:ReservedCodeCacheSize=
#   JVM is running with Unscaled Compressed Oops mode in which the Java heap is
#     placed in the first 4GB address space. The Java Heap base address is the
#     maximum limit for the native heap growth. Please use -XX:HeapBaseMinAddress
#     to set the Java Heap base and to place the Java Heap above 4GB virtual address.
# This output file may be truncated or incomplete.
#
#  Out of Memory Error (arena.cpp:184), pid=9492, tid=13728
#
# JRE version: Java(TM) SE Runtime Environment (19.0.1+10) (build 19.0.1+10-21)
# Java VM: Java HotSpot(TM) 64-Bit Server VM (19.0.1+10-21, mixed mode, sharing, tiered, compressed oops, compressed class ptrs, g1 gc, windows-amd64)
# No core dump will be written. Minidumps are not enabled by default on client versions of Windows
#

---------------  S U M M A R Y ------------

Command Line: -Dfile.encoding=UTF-8 --module-path=C:\Users\Vulli Naresh\eclipse-workspace\TestYantra\bin -XX:+ShowCodeDetailsInExceptionMessages -Djdk.module.main=TestYantra TestYantra/Patterns14.P27

Host: AMD Ryzen 3 3300U with Radeon Vega Mobile Gfx  , 4 cores, 3G,  Windows 11 , 64 bit Build 22621 (10.0.22621.1105)
Time: Wed Feb 15 12:09:53 2023 India Standard Time elapsed time: 3.169582 seconds (0d 0h 0m 3s)

---------------  T H R E A D  ---------------

Current thread (0x0000020252c146b0):  JavaThread "C1 CompilerThread0" daemon [_thread_in_native, id=13728, stack(0x000000bf3a200000,0x000000bf3a300000)]


Current CompileTask:
C1:   3169   39   !   3       java.util.concurrent.ConcurrentHashMap::putVal (432 bytes)

Stack: [0x000000bf3a200000,0x000000bf3a300000]
Native frames: (J=compiled Java code, j=interpreted, Vv=VM code, C=native code)
V  [jvm.dll+0x6ee8fa]
V  [jvm.dll+0x857a1e]
V  [jvm.dll+0x85940e]
V  [jvm.dll+0x859ac3]
V  [jvm.dll+0x28291f]
V  [jvm.dll+0xc9b5f]
V  [jvm.dll+0xc9ee5]
V  [jvm.dll+0xd58cd]
V  [jvm.dll+0x17a10d]
V  [jvm.dll+0x1a8ba2]
V  [jvm.dll+0x1a338b]
V  [jvm.dll+0x1acc1b]
V  [jvm.dll+0x1a44c8]
V  [jvm.dll+0x1a7c5f]
V  [jvm.dll+0x161743]
V  [jvm.dll+0x161022]
V  [jvm.dll+0x161278]
V  [jvm.dll+0x1606d6]
V  [jvm.dll+0x1623cd]
V  [jvm.dll+0x25b0fa]
V  [jvm.dll+0x259588]
V  [jvm.dll+0x807928]
V  [jvm.dll+0x8015fa]
V  [jvm.dll+0x6ed5eb]
C  [ucrtbase.dll+0x29363]
C  [KERNEL32.DLL+0x126bd]
C  [ntdll.dll+0x5dfb8]


---------------  P R O C E S S  ---------------

Threads class SMR info:
_java_thread_list=0x0000020252b96e20, length=10, elements={
0x00000202376f7080, 0x0000020252b99650, 0x0000020252ba09f0, 0x0000020252ba3ef0,
0x0000020252ba4820, 0x0000020252ba5150, 0x0000020252ba5a80, 0x0000020252ba66e0,
0x0000020252c146b0, 0x0000020252c187f0
}

Java Threads: ( => current thread )
  0x00000202376f7080 JavaThread "main" [_thread_in_vm, id=8864, stack(0x000000bf39400000,0x000000bf39500000)]
  0x0000020252b99650 JavaThread "Reference Handler" daemon [_thread_blocked, id=10540, stack(0x000000bf39b00000,0x000000bf39c00000)]
  0x0000020252ba09f0 JavaThread "Finalizer" daemon [_thread_blocked, id=10148, stack(0x000000bf39c00000,0x000000bf39d00000)]
  0x0000020252ba3ef0 JavaThread "Signal Dispatcher" daemon [_thread_blocked, id=11824, stack(0x000000bf39d00000,0x000000bf39e00000)]
  0x0000020252ba4820 JavaThread "Attach Listener" daemon [_thread_blocked, id=7608, stack(0x000000bf39e00000,0x000000bf39f00000)]
  0x0000020252ba5150 JavaThread "Service Thread" daemon [_thread_blocked, id=6636, stack(0x000000bf39f00000,0x000000bf3a000000)]
  0x0000020252ba5a80 JavaThread "Monitor Deflation Thread" daemon [_thread_blocked, id=6928, stack(0x000000bf3a000000,0x000000bf3a100000)]
  0x0000020252ba66e0 JavaThread "C2 CompilerThread0" daemon [_thread_blocked, id=13408, stack(0x000000bf3a100000,0x000000bf3a200000)]
=>0x0000020252c146b0 JavaThread "C1 CompilerThread0" daemon [_thread_in_native, id=13728, stack(0x000000bf3a200000,0x000000bf3a300000)]
  0x0000020252c187f0 JavaThread "Sweeper thread" daemon [_thread_blocked, id=6276, stack(0x000000bf3a300000,0x000000bf3a400000)]

Other Threads:
  0x00000202377b3380 VMThread "VM Thread" [stack: 0x000000bf39a00000,0x000000bf39b00000] [id=8264]
  0x0000020237733e50 WorkerThread "GC Thread#0" [stack: 0x000000bf39500000,0x000000bf39600000] [id=12244]
  0x000002023773bc30 ConcurrentGCThread "G1 Main Marker" [stack: 0x000000bf39600000,0x000000bf39700000] [id=12668]
  0x000002023773d670 WorkerThread "G1 Conc#0" [stack: 0x000000bf39700000,0x000000bf39800000] [id=11572]
  0x000002023778ed20 ConcurrentGCThread "G1 Refine#0" [stack: 0x000000bf39800000,0x000000bf39900000] [id=6240]
  0x000002023778f860 ConcurrentGCThread "G1 Service" [stack: 0x000000bf39900000,0x000000bf39a00000] [id=8644]

Threads with active compile tasks:
C1 CompilerThread0     3201   39   !   3       java.util.concurrent.ConcurrentHashMap::putVal (432 bytes)

VM state: not at safepoint (normal execution)

VM Mutex/Monitor currently owned by a thread:  ([mutex/lock_event])
[0x00000202376f00f0] Metaspace_lock - owner thread: 0x00000202376f7080

Heap address: 0x00000000c8c00000, size: 884 MB, Compressed Oops mode: 32-bit

CDS archive(s) mapped at: [0x0000000800000000-0x0000000800c40000-0x0000000800c40000), size 12845056, SharedBaseAddress: 0x0000000800000000, ArchiveRelocationMode: 0.
Compressed class space mapped at: 0x0000000801000000-0x0000000841000000, reserved size: 1073741824
Narrow klass base: 0x0000000800000000, Narrow klass shift: 0, Narrow klass range: 0x100000000

GC Precious Log:
 CardTable entry size: 512
 Card Set container configuration: InlinePtr #cards 5 size 8 Array Of Cards #cards 12 size 40 Howl #buckets 4 coarsen threshold 1843 Howl Bitmap #cards 512 size 80 coarsen threshold 460 Card regions per heap region 1 cards per card region 2048
 CPUs: 4 total, 4 available
 Memory: 3531M
 Large Page Support: Disabled
 NUMA Support: Disabled
 Compressed Oops: Enabled (32-bit)
 Heap Region Size: 1M
 Heap Min Capacity: 8M
 Heap Initial Capacity: 56M
 Heap Max Capacity: 884M
 Pre-touch: Disabled
 Parallel Workers: 4
 Concurrent Workers: 1
 Concurrent Refinement Workers: 4
 Periodic GC: Disabled

Heap:
 garbage-first heap   total 57344K, used 1024K [0x00000000c8c00000, 0x0000000100000000)
  region size 1024K, 2 young (2048K), 0 survivors (0K)
 Metaspace       used 132K, committed 192K, reserved 1114112K
  class space    used 4K, committed 64K, reserved 1048576K

Heap Regions: E=young(eden), S=young(survivor), O=old, HS=humongous(starts), HC=humongous(continues), CS=collection set, F=free, OA=open archive, CA=closed archive, TAMS=top-at-mark-start (previous, next)
|   0|0x00000000c8c00000, 0x00000000c8c00000, 0x00000000c8d00000|  0%| F|  |TAMS 0x00000000c8c00000, 0x00000000c8c00000| Untracked 
|   1|0x00000000c8d00000, 0x00000000c8d00000, 0x00000000c8e00000|  0%| F|  |TAMS 0x00000000c8d00000, 0x00000000c8d00000| Untracked 
|   2|0x00000000c8e00000, 0x00000000c8e00000, 0x00000000c8f00000|  0%| F|  |TAMS 0x00000000c8e00000, 0x00000000c8e00000| Untracked 
|   3|0x00000000c8f00000, 0x00000000c8f00000, 0x00000000c9000000|  0%| F|  |TAMS 0x00000000c8f00000, 0x00000000c8f00000| Untracked 
|   4|0x00000000c9000000, 0x00000000c9000000, 0x00000000c9100000|  0%| F|  |TAMS 0x00000000c9000000, 0x00000000c9000000| Untracked 
|   5|0x00000000c9100000, 0x00000000c9100000, 0x00000000c9200000|  0%| F|  |TAMS 0x00000000c9100000, 0x00000000c9100000| Untracked 
|   6|0x00000000c9200000, 0x00000000c9200000, 0x00000000c9300000|  0%| F|  |TAMS 0x00000000c9200000, 0x00000000c9200000| Untracked 
|   7|0x00000000c9300000, 0x00000000c9300000, 0x00000000c9400000|  0%| F|  |TAMS 0x00000000c9300000, 0x00000000c9300000| Untracked 
|   8|0x00000000c9400000, 0x00000000c9400000, 0x00000000c9500000|  0%| F|  |TAMS 0x00000000c9400000, 0x00000000c9400000| Untracked 
|   9|0x00000000c9500000, 0x00000000c9500000, 0x00000000c9600000|  0%| F|  |TAMS 0x00000000c9500000, 0x00000000c9500000| Untracked 
|  10|0x00000000c9600000, 0x00000000c9600000, 0x00000000c9700000|  0%| F|  |TAMS 0x00000000c9600000, 0x00000000c9600000| Untracked 
|  11|0x00000000c9700000, 0x00000000c9700000, 0x00000000c9800000|  0%| F|  |TAMS 0x00000000c9700000, 0x00000000c9700000| Untracked 
|  12|0x00000000c9800000, 0x00000000c9800000, 0x00000000c9900000|  0%| F|  |TAMS 0x00000000c9800000, 0x00000000c9800000| Untracked 
|  13|0x00000000c9900000, 0x00000000c9900000, 0x00000000c9a00000|  0%| F|  |TAMS 0x00000000c9900000, 0x00000000c9900000| Untracked 
|  14|0x00000000c9a00000, 0x00000000c9a00000, 0x00000000c9b00000|  0%| F|  |TAMS 0x00000000c9a00000, 0x00000000c9a00000| Untracked 
|  15|0x00000000c9b00000, 0x00000000c9b00000, 0x00000000c9c00000|  0%| F|  |TAMS 0x00000000c9b00000, 0x00000000c9b00000| Untracked 
|  16|0x00000000c9c00000, 0x00000000c9c00000, 0x00000000c9d00000|  0%| F|  |TAMS 0x00000000c9c00000, 0x00000000c9c00000| Untracked 
|  17|0x00000000c9d00000, 0x00000000c9d00000, 0x00000000c9e00000|  0%| F|  |TAMS 0x00000000c9d00000, 0x00000000c9d00000| Untracked 
|  18|0x00000000c9e00000, 0x00000000c9e00000, 0x00000000c9f00000|  0%| F|  |TAMS 0x00000000c9e00000, 0x00000000c9e00000| Untracked 
|  19|0x00000000c9f00000, 0x00000000c9f00000, 0x00000000ca000000|  0%| F|  |TAMS 0x00000000c9f00000, 0x00000000c9f00000| Untracked 
|  20|0x00000000ca000000, 0x00000000ca000000, 0x00000000ca100000|  0%| F|  |TAMS 0x00000000ca000000, 0x00000000ca000000| Untracked 
|  21|0x00000000ca100000, 0x00000000ca100000, 0x00000000ca200000|  0%| F|  |TAMS 0x00000000ca100000, 0x00000000ca100000| Untracked 
|  22|0x00000000ca200000, 0x00000000ca200000, 0x00000000ca300000|  0%| F|  |TAMS 0x00000000ca200000, 0x00000000ca200000| Untracked 
|  23|0x00000000ca300000, 0x00000000ca300000, 0x00000000ca400000|  0%| F|  |TAMS 0x00000000ca300000, 0x00000000ca300000| Untracked 
|  24|0x00000000ca400000, 0x00000000ca400000, 0x00000000ca500000|  0%| F|  |TAMS 0x00000000ca400000, 0x00000000ca400000| Untracked 
|  25|0x00000000ca500000, 0x00000000ca500000, 0x00000000ca600000|  0%| F|  |TAMS 0x00000000ca500000, 0x00000000ca500000| Untracked 
|  26|0x00000000ca600000, 0x00000000ca600000, 0x00000000ca700000|  0%| F|  |TAMS 0x00000000ca600000, 0x00000000ca600000| Untracked 
|  27|0x00000000ca700000, 0x00000000ca700000, 0x00000000ca800000|  0%| F|  |TAMS 0x00000000ca700000, 0x00000000ca700000| Untracked 
|  28|0x00000000ca800000, 0x00000000ca800000, 0x00000000ca900000|  0%| F|  |TAMS 0x00000000ca800000, 0x00000000ca800000| Untracked 
|  29|0x00000000ca900000, 0x00000000ca900000, 0x00000000caa00000|  0%| F|  |TAMS 0x00000000ca900000, 0x00000000ca900000| Untracked 
|  30|0x00000000caa00000, 0x00000000caa00000, 0x00000000cab00000|  0%| F|  |TAMS 0x00000000caa00000, 0x00000000caa00000| Untracked 
|  31|0x00000000cab00000, 0x00000000cab00000, 0x00000000cac00000|  0%| F|  |TAMS 0x00000000cab00000, 0x00000000cab00000| Untracked 
|  32|0x00000000cac00000, 0x00000000cac00000, 0x00000000cad00000|  0%| F|  |TAMS 0x00000000cac00000, 0x00000000cac00000| Untracked 
|  33|0x00000000cad00000, 0x00000000cad00000, 0x00000000cae00000|  0%| F|  |TAMS 0x00000000cad00000, 0x00000000cad00000| Untracked 
|  34|0x00000000cae00000, 0x00000000cae00000, 0x00000000caf00000|  0%| F|  |TAMS 0x00000000cae00000, 0x00000000cae00000| Untracked 
|  35|0x00000000caf00000, 0x00000000caf00000, 0x00000000cb000000|  0%| F|  |TAMS 0x00000000caf00000, 0x00000000caf00000| Untracked 
|  36|0x00000000cb000000, 0x00000000cb000000, 0x00000000cb100000|  0%| F|  |TAMS 0x00000000cb000000, 0x00000000cb000000| Untracked 
|  37|0x00000000cb100000, 0x00000000cb100000, 0x00000000cb200000|  0%| F|  |TAMS 0x00000000cb100000, 0x00000000cb100000| Untracked 
|  38|0x00000000cb200000, 0x00000000cb200000, 0x00000000cb300000|  0%| F|  |TAMS 0x00000000cb200000, 0x00000000cb200000| Untracked 
|  39|0x00000000cb300000, 0x00000000cb300000, 0x00000000cb400000|  0%| F|  |TAMS 0x00000000cb300000, 0x00000000cb300000| Untracked 
|  40|0x00000000cb400000, 0x00000000cb400000, 0x00000000cb500000|  0%| F|  |TAMS 0x00000000cb400000, 0x00000000cb400000| Untracked 
|  41|0x00000000cb500000, 0x00000000cb500000, 0x00000000cb600000|  0%| F|  |TAMS 0x00000000cb500000, 0x00000000cb500000| Untracked 
|  42|0x00000000cb600000, 0x00000000cb600000, 0x00000000cb700000|  0%| F|  |TAMS 0x00000000cb600000, 0x00000000cb600000| Untracked 
|  43|0x00000000cb700000, 0x00000000cb700000, 0x00000000cb800000|  0%| F|  |TAMS 0x00000000cb700000, 0x00000000cb700000| Untracked 
|  44|0x00000000cb800000, 0x00000000cb800000, 0x00000000cb900000|  0%| F|  |TAMS 0x00000000cb800000, 0x00000000cb800000| Untracked 
|  45|0x00000000cb900000, 0x00000000cb900000, 0x00000000cba00000|  0%| F|  |TAMS 0x00000000cb900000, 0x00000000cb900000| Untracked 
|  46|0x00000000cba00000, 0x00000000cba00000, 0x00000000cbb00000|  0%| F|  |TAMS 0x00000000cba00000, 0x00000000cba00000| Untracked 
|  47|0x00000000cbb00000, 0x00000000cbb00000, 0x00000000cbc00000|  0%| F|  |TAMS 0x00000000cbb00000, 0x00000000cbb00000| Untracked 
|  48|0x00000000cbc00000, 0x00000000cbc00000, 0x00000000cbd00000|  0%| F|  |TAMS 0x00000000cbc00000, 0x00000000cbc00000| Untracked 
|  49|0x00000000cbd00000, 0x00000000cbd00000, 0x00000000cbe00000|  0%| F|  |TAMS 0x00000000cbd00000, 0x00000000cbd00000| Untracked 
|  50|0x00000000cbe00000, 0x00000000cbe00000, 0x00000000cbf00000|  0%| F|  |TAMS 0x00000000cbe00000, 0x00000000cbe00000| Untracked 
|  51|0x00000000cbf00000, 0x00000000cbf00000, 0x00000000cc000000|  0%| F|  |TAMS 0x00000000cbf00000, 0x00000000cbf00000| Untracked 
|  52|0x00000000cc000000, 0x00000000cc000000, 0x00000000cc100000|  0%| F|  |TAMS 0x00000000cc000000, 0x00000000cc000000| Untracked 
|  53|0x00000000cc100000, 0x00000000cc100000, 0x00000000cc200000|  0%| F|  |TAMS 0x00000000cc100000, 0x00000000cc100000| Untracked 
|  54|0x00000000cc200000, 0x00000000cc243110, 0x00000000cc300000| 26%| E|  |TAMS 0x00000000cc200000, 0x00000000cc200000| Complete 
|  55|0x00000000cc300000, 0x00000000cc400000, 0x00000000cc400000|100%| E|CS|TAMS 0x00000000cc300000, 0x00000000cc300000| Complete 

Card table byte_map: [0x000002024e820000,0x000002024e9e0000] _byte_map_base: 0x000002024e1da000

Marking Bits (Prev, Next): (CMBitMap*) 0x0000020237734480, (CMBitMap*) 0x00000202377344c0
 Prev Bits: [0x000002024eba0000, 0x000002024f970000)
 Next Bits: [0x000002024f970000, 0x0000020250740000)

Polling page: 0x0000020236ec0000

Metaspace:

Usage:
  Non-class:    127.95 KB used.
      Class:      4.22 KB used.
       Both:    132.17 KB used.

Virtual space:
  Non-class space:       64.00 MB reserved,     128.00 KB ( <1%) committed,  1 nodes.
      Class space:        1.00 GB reserved,      64.00 KB ( <1%) committed,  1 nodes.
             Both:        1.06 GB reserved,     192.00 KB ( <1%) committed. 

Chunk freelists:
   Non-Class:  0 bytes
       Class:  3.75 MB
        Both:  3.75 MB

MaxMetaspaceSize: unlimited
CompressedClassSpaceSize: 1.00 GB
Initial GC threshold: 21.00 MB
Current GC threshold: 21.00 MB
CDS: on
MetaspaceReclaimPolicy: balanced
 - commit_granule_bytes: 65536.
 - commit_granule_words: 8192.
 - virtual_space_node_default_size: 8388608.
 - enlarge_chunks_in_place: 1.
 - new_chunks_are_fully_committed: 0.
 - uncommit_free_chunks: 1.
 - use_allocation_guard: 0.


Internal statistics:

num_allocs_failed_limit: 0.
num_arena_births: 2.
num_arena_deaths: 0.
num_vsnodes_births: 2.
num_vsnodes_deaths: 0.
num_space_committed: 3.
num_space_uncommitted: 0.
num_chunks_returned_to_freelist: 0.
num_chunks_taken_from_freelist: 3.
num_chunk_merges: 0.
num_chunk_splits: 1.
num_chunks_enlarged: 0.
num_inconsistent_stats: 0.

CodeHeap 'non-profiled nmethods': size=120000Kb used=9Kb max_used=9Kb free=119990Kb
 bounds [0x0000020247130000, 0x00000202473a0000, 0x000002024e660000]
CodeHeap 'profiled nmethods': size=120000Kb used=42Kb max_used=42Kb free=119957Kb
 bounds [0x000002023f660000, 0x000002023f8d0000, 0x0000020246b90000]
CodeHeap 'non-nmethods': size=5760Kb used=1165Kb max_used=1165Kb free=4594Kb
 bounds [0x0000020246b90000, 0x0000020246e00000, 0x0000020247130000]
 total_blobs=394 nmethods=42 adapters=263
 compilation: enabled
              stopped_count=0, restarted_count=0
 full_count=0

Compilation events (20 events):
Event: 3.113 Thread 0x0000020252c146b0   27       1       java.lang.module.ModuleDescriptor::name (5 bytes)
Event: 3.113 Thread 0x0000020252ba66e0 nmethod 25 0x0000020247130410 code [0x0000020247130580, 0x00000202471305f8]
Event: 3.113 Thread 0x0000020252c146b0 nmethod 27 0x0000020247130710 code [0x00000202471308a0, 0x0000020247130958]
Event: 3.113 Thread 0x0000020252c146b0   28       1       java.lang.module.ModuleReference::descriptor (5 bytes)
Event: 3.113 Thread 0x0000020252c146b0 nmethod 28 0x0000020247130a10 code [0x0000020247130ba0, 0x0000020247130c58]
Event: 3.113 Thread 0x0000020252c146b0   29       3       java.net.URI::hash (33 bytes)
Event: 3.114 Thread 0x0000020252c146b0 nmethod 29 0x000002023f668510 code [0x000002023f668720, 0x000002023f668bb8]
Event: 3.114 Thread 0x0000020252c146b0   30       3       java.util.HashMap::hash (20 bytes)
Event: 3.115 Thread 0x0000020252c146b0 nmethod 30 0x000002023f668d90 code [0x000002023f668f40, 0x000002023f669148]
Event: 3.115 Thread 0x0000020252c146b0   31       3       java.lang.String::isEmpty (14 bytes)
Event: 3.116 Thread 0x0000020252c146b0 nmethod 31 0x000002023f669210 code [0x000002023f6693a0, 0x000002023f669518]
Event: 3.117 Thread 0x0000020252c146b0   32       3       java.util.concurrent.ConcurrentHashMap::tabAt (22 bytes)
Event: 3.117 Thread 0x0000020252c146b0 nmethod 32 0x000002023f669610 code [0x000002023f6697c0, 0x000002023f669ab8]
Event: 3.117 Thread 0x0000020252c146b0   33       3       jdk.internal.misc.Unsafe::getReferenceAcquire (7 bytes)
Event: 3.117 Thread 0x0000020252c146b0 nmethod 33 0x000002023f669b90 code [0x000002023f669d20, 0x000002023f669e98]
Event: 3.117 Thread 0x0000020252c146b0   35       3       java.util.concurrent.ConcurrentHashMap::spread (10 bytes)
Event: 3.117 Thread 0x0000020252c146b0 nmethod 35 0x000002023f669f10 code [0x000002023f66a0a0, 0x000002023f66a198]
Event: 3.118 Thread 0x0000020252c146b0   36       3       java.util.ImmutableCollections$SetN$SetNIterator::next (90 bytes)
Event: 3.118 Thread 0x0000020252c146b0 nmethod 36 0x000002023f66a210 code [0x000002023f66a3e0, 0x000002023f66a708]
Event: 3.146 Thread 0x0000020252c146b0   39   !   3       java.util.concurrent.ConcurrentHashMap::putVal (432 bytes)

GC Heap History (0 events):
No events

Dll operation events (2 events):
Event: 2.242 Loaded shared library C:\Program Files\Java\jdk-19\bin\java.dll
Event: 2.271 Loaded shared library C:\Program Files\Java\jdk-19\bin\jsvml.dll

Deoptimization events (0 events):
No events

Classes loaded (0 events):
No events

Classes unloaded (0 events):
No events

Classes redefined (0 events):
No events

Internal exceptions (0 events):
No events

VM Operations (0 events):
No events

Events (10 events):
Event: 2.272 Thread 0x00000202376f7080 Thread added: 0x00000202376f7080
Event: 2.619 Thread 0x0000020252b99650 Thread added: 0x0000020252b99650
Event: 2.619 Thread 0x0000020252ba09f0 Thread added: 0x0000020252ba09f0
Event: 2.620 Thread 0x0000020252ba3ef0 Thread added: 0x0000020252ba3ef0
Event: 2.620 Thread 0x0000020252ba4820 Thread added: 0x0000020252ba4820
Event: 2.620 Thread 0x0000020252ba5150 Thread added: 0x0000020252ba5150
Event: 2.620 Thread 0x0000020252ba5a80 Thread added: 0x0000020252ba5a80
Event: 2.620 Thread 0x0000020252ba66e0 Thread added: 0x0000020252ba66e0
Event: 2.854 Thread 0x0000020252c146b0 Thread added: 0x0000020252c146b0
Event: 2.987 Thread 0x0000020252c187f0 Thread added: 0x0000020252c187f0


Dynamic libraries:
0x00007ff65fa30000 - 0x00007ff65fa40000 	C:\Program Files\Java\jdk-19\bin\javaw.exe
0x00007ffa545b0000 - 0x00007ffa547c4000 	C:\WINDOWS\SYSTEM32\ntdll.dll
0x00007ffa53b40000 - 0x00007ffa53c03000 	C:\WINDOWS\System32\KERNEL32.DLL
0x00007ffa52000000 - 0x00007ffa5239d000 	C:\WINDOWS\System32\KERNELBASE.dll
0x00007ffa51eb0000 - 0x00007ffa51fc1000 	C:\WINDOWS\System32\ucrtbase.dll
0x00007ffa4d0b0000 - 0x00007ffa4d0c8000 	C:\Program Files\Java\jdk-19\bin\jli.dll
0x00007ffa539b0000 - 0x00007ffa53a5e000 	C:\WINDOWS\System32\ADVAPI32.dll
0x00007ffa52650000 - 0x00007ffa526f7000 	C:\WINDOWS\System32\msvcrt.dll
0x00007ffa53cc0000 - 0x00007ffa53d64000 	C:\WINDOWS\System32\sechost.dll
0x00007ffa52700000 - 0x00007ffa52815000 	C:\WINDOWS\System32\RPCRT4.dll
0x00007ffa523a0000 - 0x00007ffa5254d000 	C:\WINDOWS\System32\USER32.dll
0x00007ffa51fd0000 - 0x00007ffa51ff6000 	C:\WINDOWS\System32\win32u.dll
0x00007ffa53150000 - 0x00007ffa53179000 	C:\WINDOWS\System32\GDI32.dll
0x00007ffa51ac0000 - 0x00007ffa51bd2000 	C:\WINDOWS\System32\gdi32full.dll
0x00007ffa51d50000 - 0x00007ffa51dea000 	C:\WINDOWS\System32\msvcp_win.dll
0x00007ffa4c330000 - 0x00007ffa4c34b000 	C:\Program Files\Java\jdk-19\bin\VCRUNTIME140.dll
0x00007ffa3c320000 - 0x00007ffa3c5ae000 	C:\WINDOWS\WinSxS\amd64_microsoft.windows.common-controls_6595b64144ccf1df_6.0.22621.608_none_a9444ca7c10bb01d\COMCTL32.dll
0x00007ffa4aa90000 - 0x00007ffa4aa9a000 	C:\WINDOWS\SYSTEM32\VERSION.dll
0x00007ffa53110000 - 0x00007ffa53142000 	C:\WINDOWS\System32\IMM32.DLL
0x00007ffa4d070000 - 0x00007ffa4d07c000 	C:\Program Files\Java\jdk-19\bin\vcruntime140_1.dll
0x00007ffa2eb10000 - 0x00007ffa2eb9e000 	C:\Program Files\Java\jdk-19\bin\msvcp140.dll
0x00007ffa06940000 - 0x00007ffa07600000 	C:\Program Files\Java\jdk-19\bin\server\jvm.dll
0x00007ffa40ef0000 - 0x00007ffa40ef9000 	C:\WINDOWS\SYSTEM32\WSOCK32.dll
0x00007ffa52550000 - 0x00007ffa525c1000 	C:\WINDOWS\System32\WS2_32.dll
0x00007ffa4aad0000 - 0x00007ffa4ab04000 	C:\WINDOWS\SYSTEM32\WINMM.dll
0x00007ffa50a20000 - 0x00007ffa50a38000 	C:\WINDOWS\SYSTEM32\kernel.appcore.dll
0x00007ffa4c360000 - 0x00007ffa4c36a000 	C:\Program Files\Java\jdk-19\bin\jimage.dll
0x00007ffa47f60000 - 0x00007ffa4818e000 	C:\WINDOWS\SYSTEM32\DBGHELP.DLL
0x00007ffa53620000 - 0x00007ffa539aa000 	C:\WINDOWS\System32\combase.dll
0x00007ffa53180000 - 0x00007ffa53257000 	C:\WINDOWS\System32\OLEAUT32.dll
0x00007ffa3fae0000 - 0x00007ffa3fb12000 	C:\WINDOWS\SYSTEM32\dbgcore.DLL
0x00007ffa519d0000 - 0x00007ffa51a4b000 	C:\WINDOWS\System32\bcryptPrimitives.dll
0x00007ffa4b7e0000 - 0x00007ffa4b806000 	C:\Program Files\Java\jdk-19\bin\java.dll
0x00007ffa2ea30000 - 0x00007ffa2eb07000 	C:\Program Files\Java\jdk-19\bin\jsvml.dll
0x00007ffa52920000 - 0x00007ffa5310f000 	C:\WINDOWS\System32\SHELL32.dll
0x00007ffa4f9f0000 - 0x00007ffa502b8000 	C:\WINDOWS\SYSTEM32\windows.storage.dll
0x00007ffa4f8b0000 - 0x00007ffa4f9ee000 	C:\WINDOWS\SYSTEM32\wintypes.dll
0x00007ffa53260000 - 0x00007ffa53351000 	C:\WINDOWS\System32\SHCORE.dll
0x00007ffa53c60000 - 0x00007ffa53cbe000 	C:\WINDOWS\System32\shlwapi.dll
0x00007ffa51900000 - 0x00007ffa51921000 	C:\WINDOWS\SYSTEM32\profapi.dll

dbghelp: loaded successfully - version: 4.0.5 - missing functions: none
symbol engine: initialized successfully - sym options: 0x614 - pdb path: .;C:\Program Files\Java\jdk-19\bin;C:\WINDOWS\SYSTEM32;C:\WINDOWS\WinSxS\amd64_microsoft.windows.common-controls_6595b64144ccf1df_6.0.22621.608_none_a9444ca7c10bb01d;C:\Program Files\Java\jdk-19\bin\server

VM Arguments:
jvm_args: -Dfile.encoding=UTF-8 --module-path=C:\Users\Vulli Naresh\eclipse-workspace\TestYantra\bin -XX:+ShowCodeDetailsInExceptionMessages -Djdk.module.main=TestYantra 
java_command: TestYantra/Patterns14.P27
java_class_path (initial): <not set>
Launcher Type: SUN_STANDARD

[Global flags]
     intx CICompilerCount                          = 3                                         {product} {ergonomic}
     uint ConcGCThreads                            = 1                                         {product} {ergonomic}
     uint G1ConcRefinementThreads                  = 4                                         {product} {ergonomic}
   size_t G1HeapRegionSize                         = 1048576                                   {product} {ergonomic}
    uintx GCDrainStackTargetSize                   = 64                                        {product} {ergonomic}
   size_t InitialHeapSize                          = 58720256                                  {product} {ergonomic}
   size_t MarkStackSize                            = 4194304                                   {product} {ergonomic}
   size_t MaxHeapSize                              = 926941184                                 {product} {ergonomic}
   size_t MaxNewSize                               = 555745280                                 {product} {ergonomic}
   size_t MinHeapDeltaBytes                        = 1048576                                   {product} {ergonomic}
   size_t MinHeapSize                              = 8388608                                   {product} {ergonomic}
    uintx NonNMethodCodeHeapSize                   = 5832780                                {pd product} {ergonomic}
    uintx NonProfiledCodeHeapSize                  = 122912730                              {pd product} {ergonomic}
    uintx ProfiledCodeHeapSize                     = 122912730                              {pd product} {ergonomic}
    uintx ReservedCodeCacheSize                    = 251658240                              {pd product} {ergonomic}
     bool SegmentedCodeCache                       = true                                      {product} {ergonomic}
     bool ShowCodeDetailsInExceptionMessages       = true                                   {manageable} {command line}
   size_t SoftMaxHeapSize                          = 926941184                              {manageable} {ergonomic}
     bool UseCompressedClassPointers               = true                           {product lp64_product} {ergonomic}
     bool UseCompressedOops                        = true                           {product lp64_product} {ergonomic}
     bool UseG1GC                                  = true                                      {product} {ergonomic}
     bool UseLargePagesIndividualAllocation        = false                                  {pd product} {ergonomic}

Logging:
Log output configuration:
 #0: stdout all=warning uptime,level,tags foldmultilines=false
 #1: stderr all=off uptime,level,tags foldmultilines=false

Environment Variables:
PATH=C:\Program Files\Common Files\Oracle\Java\javapath;C:\oracle\product\10.2.0\db_1\bin;C:\oraclexe\app\oracle\product\11.2.0\server\bin;;C:\WINDOWS\system32;C:\WINDOWS;C:\WINDOWS\System32\Wbem;C:\WINDOWS\System32\WindowsPowerShell\v1.0\;C:\WINDOWS\System32\OpenSSH\;C:\Program Files (x86)\PuTTY\;C:\Program Files\nodejs\;C:\Users\Vulli Naresh\AppData\Local\Programs\Python\Python37\Scripts\;C:\Users\Vulli Naresh\AppData\Local\Programs\Python\Python37\;C:\Users\Vulli Naresh\AppData\Local\Microsoft\WindowsApps;C:\Users\Vulli Naresh\AppData\Roaming\npm;C:\Users\Vulli Naresh\AppData\Local\Programs\Microsoft VS Code\bin;
USERNAME=Vulli Naresh
OS=Windows_NT
PROCESSOR_IDENTIFIER=AMD64 Family 23 Model 24 Stepping 1, AuthenticAMD
TMP=C:\Users\VULLIN~1\AppData\Local\Temp
TEMP=C:\Users\VULLIN~1\AppData\Local\Temp



---------------  S Y S T E M  ---------------

OS:
 Windows 11 , 64 bit Build 22621 (10.0.22621.1105)
OS uptime: 0 days 15:28 hours

CPU: total 4 (initial active 4) (4 cores per cpu, 1 threads per core) family 23 model 24 stepping 1 microcode 0x0, cx8, cmov, fxsr, mmx, 3dnowpref, sse, sse2, sse3, ssse3, sse4a, sse4.1, sse4.2, popcnt, lzcnt, tsc, tscinvbit, avx, avx2, aes, clmul, bmi1, bmi2, adx, sha, fma, vzeroupper, clflush, clflushopt, rdtscp

Memory: 4k page, system-wide physical 3531M (322M free)
TotalPageFile size 14283M (AvailPageFile size 0M)
current process WorkingSet (physical memory assigned to process): 26M, peak: 26M
current process commit charge ("private bytes"): 125M, peak: 125M

vm_info: Java HotSpot(TM) 64-Bit Server VM (19.0.1+10-21) for windows-amd64 JRE (19.0.1+10-21), built on 2022-09-14T12:45:06Z by "mach5one" with MS VC++ 17.1 (VS2022)

END.
