#
# There is insufficient memory for the Java Runtime Environment to continue.
# Native memory allocation (mmap) failed to map 65536 bytes for Failed to commit metaspace.
# Possible reasons:
#   The system is out of physical RAM or swap space
#   The process is running with CompressedOops enabled, and the Java Heap may be blocking the growth of the native heap
# Possible solutions:
#   Reduce memory load on the system
#   Increase physical memory or swap space
#   Check if swap backing store is full
#   Decrease Java heap size (-Xmx/-Xms)
#   Decrease number of Java threads
#   Decrease Java thread stack sizes (-Xss)
#   Set larger code cache with -XX:ReservedCodeCacheSize=
#   JVM is running with Unscaled Compressed Oops mode in which the Java heap is
#     placed in the first 4GB address space. The Java Heap base address is the
#     maximum limit for the native heap growth. Please use -XX:HeapBaseMinAddress
#     to set the Java Heap base and to place the Java Heap above 4GB virtual address.
# This output file may be truncated or incomplete.
#
#  Out of Memory Error (virtualSpaceNode.cpp:110), pid=13908, tid=5096
#
# JRE version: Java(TM) SE Runtime Environment (19.0.1+10) (build 19.0.1+10-21)
# Java VM: Java HotSpot(TM) 64-Bit Server VM (19.0.1+10-21, mixed mode, sharing, tiered, compressed oops, compressed class ptrs, g1 gc, windows-amd64)
# No core dump will be written. Minidumps are not enabled by default on client versions of Windows
#

---------------  S U M M A R Y ------------

Command Line: -Dfile.encoding=UTF-8 --module-path=C:\Users\Vulli Naresh\eclipse-workspace\TestYantra\bin -XX:+ShowCodeDetailsInExceptionMessages -Djdk.module.main=TestYantra TestYantra/Patterns14.P27

Host: AMD Ryzen 3 3300U with Radeon Vega Mobile Gfx  , 4 cores, 3G,  Windows 11 , 64 bit Build 22621 (10.0.22621.1105)
Time: Wed Feb 15 12:09:54 2023 India Standard Time elapsed time: 3.328126 seconds (0d 0h 0m 3s)

---------------  T H R E A D  ---------------

Current thread (0x000002e318fd6ee0):  JavaThread "main" [_thread_in_vm, id=5096, stack(0x000000e8f6a00000,0x000000e8f6b00000)]

Stack: [0x000000e8f6a00000,0x000000e8f6b00000]
Native frames: (J=compiled Java code, j=interpreted, Vv=VM code, C=native code)
V  [jvm.dll+0x6ee8fa]
V  [jvm.dll+0x857a1e]
V  [jvm.dll+0x85940e]
V  [jvm.dll+0x859ac3]
V  [jvm.dll+0x28291f]
V  [jvm.dll+0x85369b]
V  [jvm.dll+0x693276]
V  [jvm.dll+0x6932da]
V  [jvm.dll+0x695bd3]
V  [jvm.dll+0x695a9e]
V  [jvm.dll+0x693c9e]
V  [jvm.dll+0x28015c]
V  [jvm.dll+0x7435dd]
V  [jvm.dll+0x743fdf]
V  [jvm.dll+0x3c9afe]
V  [jvm.dll+0x3c8c74]
V  [jvm.dll+0x3c8c18]
V  [jvm.dll+0x5cfab9]
V  [jvm.dll+0x5ce9b4]
V  [jvm.dll+0x3ddf27]
V  [jvm.dll+0x3dd57f]
C  0x000002e32849c197

Java frames: (J=compiled Java code, j=interpreted, Vv=VM code)
j  sun.nio.fs.WindowsFileSystemProvider.checkReadAccess(Lsun/nio/fs/WindowsPath;)V+14 java.base@19.0.1
j  sun.nio.fs.WindowsFileSystemProvider.checkAccess(Ljava/nio/file/Path;[Ljava/nio/file/AccessMode;)V+123 java.base@19.0.1
j  sun.nio.fs.AbstractFileSystemProvider.exists(Ljava/nio/file/Path;)Z+6 java.base@19.0.1
j  java.nio.file.Files.exists(Ljava/nio/file/Path;[Ljava/nio/file/LinkOption;)Z+22 java.base@19.0.1
j  jdk.internal.module.ModulePath.scan(Ljava/nio/file/Path;)Ljava/util/Map;+52 java.base@19.0.1
j  jdk.internal.module.ModulePath.scanNextEntry()V+23 java.base@19.0.1
j  jdk.internal.module.ModulePath.find(Ljava/lang/String;)Ljava/util/Optional;+36 java.base@19.0.1
j  java.lang.module.ModuleFinder$2.lambda$find$0(Ljava/lang/String;Ljava/lang/module/ModuleFinder;)Ljava/util/Optional;+2 java.base@19.0.1
j  java.lang.module.ModuleFinder$2$$Lambda$6+0x800000009.apply(Ljava/lang/Object;)Ljava/lang/Object;+8 java.base@19.0.1
j  java.util.stream.ReferencePipeline$3$1.accept(Ljava/lang/Object;)V+12 java.base@19.0.1
j  java.util.AbstractList$RandomAccessSpliterator.tryAdvance(Ljava/util/function/Consumer;)Z+43 java.base@19.0.1
j  java.util.stream.ReferencePipeline.forEachWithCancel(Ljava/util/Spliterator;Ljava/util/stream/Sink;)Z+13 java.base@19.0.1
j  java.util.stream.AbstractPipeline.copyIntoWithCancel(Ljava/util/stream/Sink;Ljava/util/Spliterator;)Z+32 java.base@19.0.1
j  java.util.stream.AbstractPipeline.copyInto(Ljava/util/stream/Sink;Ljava/util/Spliterator;)V+49 java.base@19.0.1
j  java.util.stream.AbstractPipeline.wrapAndCopyInto(Ljava/util/stream/Sink;Ljava/util/Spliterator;)Ljava/util/stream/Sink;+13 java.base@19.0.1
j  java.util.stream.FindOps$FindOp.evaluateSequential(Ljava/util/stream/PipelineHelper;Ljava/util/Spliterator;)Ljava/lang/Object;+14 java.base@19.0.1
j  java.util.stream.AbstractPipeline.evaluate(Ljava/util/stream/TerminalOp;)Ljava/lang/Object;+88 java.base@19.0.1
j  java.util.stream.ReferencePipeline.findFirst()Ljava/util/Optional;+5 java.base@19.0.1
j  java.lang.module.ModuleFinder$2.find(Ljava/lang/String;)Ljava/util/Optional;+53 java.base@19.0.1
j  java.lang.module.Resolver.findWithBeforeFinder(Ljava/lang/String;)Ljava/lang/module/ModuleReference;+5 java.base@19.0.1
j  java.lang.module.Resolver.resolve(Ljava/util/Collection;)Ljava/lang/module/Resolver;+38 java.base@19.0.1
j  java.lang.module.Configuration.resolveAndBind(Ljava/lang/module/ModuleFinder;Ljava/util/Collection;Ljava/io/PrintStream;)Ljava/lang/module/Configuration;+29 java.base@19.0.1
j  java.lang.module.ModuleDescriptor$1.resolveAndBind(Ljava/lang/module/ModuleFinder;Ljava/util/Collection;Ljava/io/PrintStream;)Ljava/lang/module/Configuration;+3 java.base@19.0.1
j  jdk.internal.module.Modules.newBootLayerConfiguration(Ljava/lang/module/ModuleFinder;Ljava/util/Collection;Ljava/io/PrintStream;)Ljava/lang/module/Configuration;+6 java.base@19.0.1
j  jdk.internal.module.ModuleBootstrap.boot2()Ljava/lang/ModuleLayer;+896 java.base@19.0.1
j  jdk.internal.module.ModuleBootstrap.boot()Ljava/lang/ModuleLayer;+64 java.base@19.0.1
j  java.lang.System.initPhase2(ZZ)I+0 java.base@19.0.1
v  ~StubRoutines::call_stub 0x000002e32847100e

---------------  P R O C E S S  ---------------

Threads class SMR info:
_java_thread_list=0x000002e3344572c0, length=11, elements={
0x000002e318fd6ee0, 0x000002e3343cc030, 0x000002e3343d0d20, 0x000002e3343d5c70,
0x000002e3343d65a0, 0x000002e3343d6ed0, 0x000002e3343d7800, 0x000002e3343d8460,
0x000002e33444c220, 0x000002e33444f7c0, 0x000002e338819520
}

Java Threads: ( => current thread )
=>0x000002e318fd6ee0 JavaThread "main" [_thread_in_vm, id=5096, stack(0x000000e8f6a00000,0x000000e8f6b00000)]
  0x000002e3343cc030 JavaThread "Reference Handler" daemon [_thread_blocked, id=2916, stack(0x000000e8f7200000,0x000000e8f7300000)]
  0x000002e3343d0d20 JavaThread "Finalizer" daemon [_thread_blocked, id=13772, stack(0x000000e8f7300000,0x000000e8f7400000)]
  0x000002e3343d5c70 JavaThread "Signal Dispatcher" daemon [_thread_blocked, id=8684, stack(0x000000e8f7400000,0x000000e8f7500000)]
  0x000002e3343d65a0 JavaThread "Attach Listener" daemon [_thread_blocked, id=8024, stack(0x000000e8f7500000,0x000000e8f7600000)]
  0x000002e3343d6ed0 JavaThread "Service Thread" daemon [_thread_blocked, id=14120, stack(0x000000e8f7600000,0x000000e8f7700000)]
  0x000002e3343d7800 JavaThread "Monitor Deflation Thread" daemon [_thread_blocked, id=10832, stack(0x000000e8f7700000,0x000000e8f7800000)]
  0x000002e3343d8460 JavaThread "C2 CompilerThread0" daemon [_thread_blocked, id=2780, stack(0x000000e8f7800000,0x000000e8f7900000)]
  0x000002e33444c220 JavaThread "C1 CompilerThread0" daemon [_thread_blocked, id=4396, stack(0x000000e8f7900000,0x000000e8f7a00000)]
  0x000002e33444f7c0 JavaThread "Sweeper thread" daemon [_thread_blocked, id=11860, stack(0x000000e8f7a00000,0x000000e8f7b00000)]
  0x000002e338819520 JavaThread "Common-Cleaner" daemon [_thread_blocked, id=8516, stack(0x000000e8f7b00000,0x000000e8f7c00000)]

Other Threads:
  0x000002e319093440 VMThread "VM Thread" [stack: 0x000000e8f7100000,0x000000e8f7200000] [id=12960]
  0x000002e319013e10 WorkerThread "GC Thread#0" [stack: 0x000000e8f6c00000,0x000000e8f6d00000] [id=4808]
  0x000002e31901bbf0 ConcurrentGCThread "G1 Main Marker" [stack: 0x000000e8f6d00000,0x000000e8f6e00000] [id=5320]
  0x000002e31901e0d0 WorkerThread "G1 Conc#0" [stack: 0x000000e8f6e00000,0x000000e8f6f00000] [id=6044]
  0x000002e31906ee60 ConcurrentGCThread "G1 Refine#0" [stack: 0x000000e8f6f00000,0x000000e8f7000000] [id=11692]
  0x000002e319070440 ConcurrentGCThread "G1 Service" [stack: 0x000000e8f7000000,0x000000e8f7100000] [id=13856]

Threads with active compile tasks:

VM state: not at safepoint (normal execution)

VM Mutex/Monitor currently owned by a thread:  ([mutex/lock_event])
[0x000002e318fd0450] Metaspace_lock - owner thread: 0x000002e318fd6ee0

Heap address: 0x00000000c8c00000, size: 884 MB, Compressed Oops mode: 32-bit

CDS archive(s) mapped at: [0x0000000800000000-0x0000000800c40000-0x0000000800c40000), size 12845056, SharedBaseAddress: 0x0000000800000000, ArchiveRelocationMode: 0.
Compressed class space mapped at: 0x0000000801000000-0x0000000841000000, reserved size: 1073741824
Narrow klass base: 0x0000000800000000, Narrow klass shift: 0, Narrow klass range: 0x100000000

GC Precious Log:
 CardTable entry size: 512
 Card Set container configuration: InlinePtr #cards 5 size 8 Array Of Cards #cards 12 size 40 Howl #buckets 4 coarsen threshold 1843 Howl Bitmap #cards 512 size 80 coarsen threshold 460 Card regions per heap region 1 cards per card region 2048
 CPUs: 4 total, 4 available
 Memory: 3531M
 Large Page Support: Disabled
 NUMA Support: Disabled
 Compressed Oops: Enabled (32-bit)
 Heap Region Size: 1M
 Heap Min Capacity: 8M
 Heap Initial Capacity: 56M
 Heap Max Capacity: 884M
 Pre-touch: Disabled
 Parallel Workers: 4
 Concurrent Workers: 1
 Concurrent Refinement Workers: 4
 Periodic GC: Disabled

Heap:
 garbage-first heap   total 57344K, used 1024K [0x00000000c8c00000, 0x0000000100000000)
  region size 1024K, 2 young (2048K), 0 survivors (0K)
 Metaspace       used 204K, committed 384K, reserved 1114112K
  class space    used 10K, committed 128K, reserved 1048576K

Heap Regions: E=young(eden), S=young(survivor), O=old, HS=humongous(starts), HC=humongous(continues), CS=collection set, F=free, OA=open archive, CA=closed archive, TAMS=top-at-mark-start (previous, next)
|   0|0x00000000c8c00000, 0x00000000c8c00000, 0x00000000c8d00000|  0%| F|  |TAMS 0x00000000c8c00000, 0x00000000c8c00000| Untracked 
|   1|0x00000000c8d00000, 0x00000000c8d00000, 0x00000000c8e00000|  0%| F|  |TAMS 0x00000000c8d00000, 0x00000000c8d00000| Untracked 
|   2|0x00000000c8e00000, 0x00000000c8e00000, 0x00000000c8f00000|  0%| F|  |TAMS 0x00000000c8e00000, 0x00000000c8e00000| Untracked 
|   3|0x00000000c8f00000, 0x00000000c8f00000, 0x00000000c9000000|  0%| F|  |TAMS 0x00000000c8f00000, 0x00000000c8f00000| Untracked 
|   4|0x00000000c9000000, 0x00000000c9000000, 0x00000000c9100000|  0%| F|  |TAMS 0x00000000c9000000, 0x00000000c9000000| Untracked 
|   5|0x00000000c9100000, 0x00000000c9100000, 0x00000000c9200000|  0%| F|  |TAMS 0x00000000c9100000, 0x00000000c9100000| Untracked 
|   6|0x00000000c9200000, 0x00000000c9200000, 0x00000000c9300000|  0%| F|  |TAMS 0x00000000c9200000, 0x00000000c9200000| Untracked 
|   7|0x00000000c9300000, 0x00000000c9300000, 0x00000000c9400000|  0%| F|  |TAMS 0x00000000c9300000, 0x00000000c9300000| Untracked 
|   8|0x00000000c9400000, 0x00000000c9400000, 0x00000000c9500000|  0%| F|  |TAMS 0x00000000c9400000, 0x00000000c9400000| Untracked 
|   9|0x00000000c9500000, 0x00000000c9500000, 0x00000000c9600000|  0%| F|  |TAMS 0x00000000c9500000, 0x00000000c9500000| Untracked 
|  10|0x00000000c9600000, 0x00000000c9600000, 0x00000000c9700000|  0%| F|  |TAMS 0x00000000c9600000, 0x00000000c9600000| Untracked 
|  11|0x00000000c9700000, 0x00000000c9700000, 0x00000000c9800000|  0%| F|  |TAMS 0x00000000c9700000, 0x00000000c9700000| Untracked 
|  12|0x00000000c9800000, 0x00000000c9800000, 0x00000000c9900000|  0%| F|  |TAMS 0x00000000c9800000, 0x00000000c9800000| Untracked 
|  13|0x00000000c9900000, 0x00000000c9900000, 0x00000000c9a00000|  0%| F|  |TAMS 0x00000000c9900000, 0x00000000c9900000| Untracked 
|  14|0x00000000c9a00000, 0x00000000c9a00000, 0x00000000c9b00000|  0%| F|  |TAMS 0x00000000c9a00000, 0x00000000c9a00000| Untracked 
|  15|0x00000000c9b00000, 0x00000000c9b00000, 0x00000000c9c00000|  0%| F|  |TAMS 0x00000000c9b00000, 0x00000000c9b00000| Untracked 
|  16|0x00000000c9c00000, 0x00000000c9c00000, 0x00000000c9d00000|  0%| F|  |TAMS 0x00000000c9c00000, 0x00000000c9c00000| Untracked 
|  17|0x00000000c9d00000, 0x00000000c9d00000, 0x00000000c9e00000|  0%| F|  |TAMS 0x00000000c9d00000, 0x00000000c9d00000| Untracked 
|  18|0x00000000c9e00000, 0x00000000c9e00000, 0x00000000c9f00000|  0%| F|  |TAMS 0x00000000c9e00000, 0x00000000c9e00000| Untracked 
|  19|0x00000000c9f00000, 0x00000000c9f00000, 0x00000000ca000000|  0%| F|  |TAMS 0x00000000c9f00000, 0x00000000c9f00000| Untracked 
|  20|0x00000000ca000000, 0x00000000ca000000, 0x00000000ca100000|  0%| F|  |TAMS 0x00000000ca000000, 0x00000000ca000000| Untracked 
|  21|0x00000000ca100000, 0x00000000ca100000, 0x00000000ca200000|  0%| F|  |TAMS 0x00000000ca100000, 0x00000000ca100000| Untracked 
|  22|0x00000000ca200000, 0x00000000ca200000, 0x00000000ca300000|  0%| F|  |TAMS 0x00000000ca200000, 0x00000000ca200000| Untracked 
|  23|0x00000000ca300000, 0x00000000ca300000, 0x00000000ca400000|  0%| F|  |TAMS 0x00000000ca300000, 0x00000000ca300000| Untracked 
|  24|0x00000000ca400000, 0x00000000ca400000, 0x00000000ca500000|  0%| F|  |TAMS 0x00000000ca400000, 0x00000000ca400000| Untracked 
|  25|0x00000000ca500000, 0x00000000ca500000, 0x00000000ca600000|  0%| F|  |TAMS 0x00000000ca500000, 0x00000000ca500000| Untracked 
|  26|0x00000000ca600000, 0x00000000ca600000, 0x00000000ca700000|  0%| F|  |TAMS 0x00000000ca600000, 0x00000000ca600000| Untracked 
|  27|0x00000000ca700000, 0x00000000ca700000, 0x00000000ca800000|  0%| F|  |TAMS 0x00000000ca700000, 0x00000000ca700000| Untracked 
|  28|0x00000000ca800000, 0x00000000ca800000, 0x00000000ca900000|  0%| F|  |TAMS 0x00000000ca800000, 0x00000000ca800000| Untracked 
|  29|0x00000000ca900000, 0x00000000ca900000, 0x00000000caa00000|  0%| F|  |TAMS 0x00000000ca900000, 0x00000000ca900000| Untracked 
|  30|0x00000000caa00000, 0x00000000caa00000, 0x00000000cab00000|  0%| F|  |TAMS 0x00000000caa00000, 0x00000000caa00000| Untracked 
|  31|0x00000000cab00000, 0x00000000cab00000, 0x00000000cac00000|  0%| F|  |TAMS 0x00000000cab00000, 0x00000000cab00000| Untracked 
|  32|0x00000000cac00000, 0x00000000cac00000, 0x00000000cad00000|  0%| F|  |TAMS 0x00000000cac00000, 0x00000000cac00000| Untracked 
|  33|0x00000000cad00000, 0x00000000cad00000, 0x00000000cae00000|  0%| F|  |TAMS 0x00000000cad00000, 0x00000000cad00000| Untracked 
|  34|0x00000000cae00000, 0x00000000cae00000, 0x00000000caf00000|  0%| F|  |TAMS 0x00000000cae00000, 0x00000000cae00000| Untracked 
|  35|0x00000000caf00000, 0x00000000caf00000, 0x00000000cb000000|  0%| F|  |TAMS 0x00000000caf00000, 0x00000000caf00000| Untracked 
|  36|0x00000000cb000000, 0x00000000cb000000, 0x00000000cb100000|  0%| F|  |TAMS 0x00000000cb000000, 0x00000000cb000000| Untracked 
|  37|0x00000000cb100000, 0x00000000cb100000, 0x00000000cb200000|  0%| F|  |TAMS 0x00000000cb100000, 0x00000000cb100000| Untracked 
|  38|0x00000000cb200000, 0x00000000cb200000, 0x00000000cb300000|  0%| F|  |TAMS 0x00000000cb200000, 0x00000000cb200000| Untracked 
|  39|0x00000000cb300000, 0x00000000cb300000, 0x00000000cb400000|  0%| F|  |TAMS 0x00000000cb300000, 0x00000000cb300000| Untracked 
|  40|0x00000000cb400000, 0x00000000cb400000, 0x00000000cb500000|  0%| F|  |TAMS 0x00000000cb400000, 0x00000000cb400000| Untracked 
|  41|0x00000000cb500000, 0x00000000cb500000, 0x00000000cb600000|  0%| F|  |TAMS 0x00000000cb500000, 0x00000000cb500000| Untracked 
|  42|0x00000000cb600000, 0x00000000cb600000, 0x00000000cb700000|  0%| F|  |TAMS 0x00000000cb600000, 0x00000000cb600000| Untracked 
|  43|0x00000000cb700000, 0x00000000cb700000, 0x00000000cb800000|  0%| F|  |TAMS 0x00000000cb700000, 0x00000000cb700000| Untracked 
|  44|0x00000000cb800000, 0x00000000cb800000, 0x00000000cb900000|  0%| F|  |TAMS 0x00000000cb800000, 0x00000000cb800000| Untracked 
|  45|0x00000000cb900000, 0x00000000cb900000, 0x00000000cba00000|  0%| F|  |TAMS 0x00000000cb900000, 0x00000000cb900000| Untracked 
|  46|0x00000000cba00000, 0x00000000cba00000, 0x00000000cbb00000|  0%| F|  |TAMS 0x00000000cba00000, 0x00000000cba00000| Untracked 
|  47|0x00000000cbb00000, 0x00000000cbb00000, 0x00000000cbc00000|  0%| F|  |TAMS 0x00000000cbb00000, 0x00000000cbb00000| Untracked 
|  48|0x00000000cbc00000, 0x00000000cbc00000, 0x00000000cbd00000|  0%| F|  |TAMS 0x00000000cbc00000, 0x00000000cbc00000| Untracked 
|  49|0x00000000cbd00000, 0x00000000cbd00000, 0x00000000cbe00000|  0%| F|  |TAMS 0x00000000cbd00000, 0x00000000cbd00000| Untracked 
|  50|0x00000000cbe00000, 0x00000000cbe00000, 0x00000000cbf00000|  0%| F|  |TAMS 0x00000000cbe00000, 0x00000000cbe00000| Untracked 
|  51|0x00000000cbf00000, 0x00000000cbf00000, 0x00000000cc000000|  0%| F|  |TAMS 0x00000000cbf00000, 0x00000000cbf00000| Untracked 
|  52|0x00000000cc000000, 0x00000000cc000000, 0x00000000cc100000|  0%| F|  |TAMS 0x00000000cc000000, 0x00000000cc000000| Untracked 
|  53|0x00000000cc100000, 0x00000000cc100000, 0x00000000cc200000|  0%| F|  |TAMS 0x00000000cc100000, 0x00000000cc100000| Untracked 
|  54|0x00000000cc200000, 0x00000000cc285ac8, 0x00000000cc300000| 52%| E|  |TAMS 0x00000000cc200000, 0x00000000cc200000| Complete 
|  55|0x00000000cc300000, 0x00000000cc400000, 0x00000000cc400000|100%| E|CS|TAMS 0x00000000cc300000, 0x00000000cc300000| Complete 

Card table byte_map: [0x000002e32ff40000,0x000002e330100000] _byte_map_base: 0x000002e32f8fa000

Marking Bits (Prev, Next): (CMBitMap*) 0x000002e319014440, (CMBitMap*) 0x000002e319014480
 Prev Bits: [0x000002e3302c0000, 0x000002e331090000)
 Next Bits: [0x000002e331090000, 0x000002e331e60000)

Polling page: 0x000002e316fa0000

Metaspace:

Usage:
  Non-class:    194.00 KB used.
      Class:     10.45 KB used.
       Both:    204.45 KB used.

Virtual space:
  Non-class space:       64.00 MB reserved,     256.00 KB ( <1%) committed,  1 nodes.
      Class space:        1.00 GB reserved,     128.00 KB ( <1%) committed,  1 nodes.
             Both:        1.06 GB reserved,     384.00 KB ( <1%) committed. 

Chunk freelists:
   Non-Class:  4.00 MB
       Class:  3.75 MB
        Both:  7.74 MB

MaxMetaspaceSize: unlimited
CompressedClassSpaceSize: 1.00 GB
Initial GC threshold: 21.00 MB
Current GC threshold: 21.00 MB
CDS: on
MetaspaceReclaimPolicy: balanced
 - commit_granule_bytes: 65536.
 - commit_granule_words: 8192.
 - virtual_space_node_default_size: 8388608.
 - enlarge_chunks_in_place: 1.
 - new_chunks_are_fully_committed: 0.
 - uncommit_free_chunks: 1.
 - use_allocation_guard: 0.


Internal statistics:

num_allocs_failed_limit: 0.
num_arena_births: 6.
num_arena_deaths: 0.
num_vsnodes_births: 2.
num_vsnodes_deaths: 0.
num_space_committed: 6.
num_space_uncommitted: 0.
num_chunks_returned_to_freelist: 0.
num_chunks_taken_from_freelist: 7.
num_chunk_merges: 0.
num_chunk_splits: 4.
num_chunks_enlarged: 2.
num_inconsistent_stats: 0.

CodeHeap 'non-profiled nmethods': size=120000Kb used=20Kb max_used=20Kb free=119980Kb
 bounds [0x000002e328a10000, 0x000002e328c80000, 0x000002e32ff40000]
CodeHeap 'profiled nmethods': size=120000Kb used=67Kb max_used=67Kb free=119932Kb
 bounds [0x000002e320f40000, 0x000002e3211b0000, 0x000002e328470000]
CodeHeap 'non-nmethods': size=5760Kb used=1177Kb max_used=1177Kb free=4582Kb
 bounds [0x000002e328470000, 0x000002e3286e0000, 0x000002e328a10000]
 total_blobs=434 nmethods=66 adapters=279
 compilation: enabled
              stopped_count=0, restarted_count=0
 full_count=0

Compilation events (20 events):
Event: 3.113 Thread 0x000002e33444c220   55       3       java.lang.invoke.MemberName::testFlags (16 bytes)
Event: 3.113 Thread 0x000002e33444c220 nmethod 55 0x000002e320f4e090 code [0x000002e320f4e220, 0x000002e320f4e398]
Event: 3.114 Thread 0x000002e33444c220   57       3       java.lang.invoke.MethodTypeForm::canonicalize (74 bytes)
Event: 3.114 Thread 0x000002e33444c220 nmethod 57 0x000002e320f4e410 code [0x000002e320f4e640, 0x000002e320f4ec18]
Event: 3.114 Thread 0x000002e33444c220   58       3       java.lang.StringLatin1::indexOfChar (33 bytes)
Event: 3.114 Thread 0x000002e33444c220 nmethod 58 0x000002e320f4ee10 code [0x000002e320f4efc0, 0x000002e320f4f1f8]
Event: 3.115 Thread 0x000002e33444c220   59       3       java.util.concurrent.ConcurrentHashMap::putIfAbsent (8 bytes)
Event: 3.115 Thread 0x000002e33444c220 nmethod 59 0x000002e320f4f310 code [0x000002e320f4f4c0, 0x000002e320f4f608]
Event: 3.115 Thread 0x000002e33444c220   61       1       java.lang.invoke.MemberName::getDeclaringClass (5 bytes)
Event: 3.115 Thread 0x000002e33444c220 nmethod 61 0x000002e328a14a10 code [0x000002e328a14ba0, 0x000002e328a14c58]
Event: 3.115 Thread 0x000002e33444c220   62       3       java.lang.invoke.MethodType::checkSlotCount (33 bytes)
Event: 3.116 Thread 0x000002e33444c220 nmethod 62 0x000002e320f4f690 code [0x000002e320f4f8c0, 0x000002e320f4fec8]
Event: 3.116 Thread 0x000002e33444c220   63       3       java.lang.invoke.MemberName::isInvocable (8 bytes)
Event: 3.116 Thread 0x000002e33444c220 nmethod 63 0x000002e320f50190 code [0x000002e320f50340, 0x000002e320f505d8]
Event: 3.116 Thread 0x000002e33444c220   64       3       java.lang.invoke.MemberName::testAnyFlags (15 bytes)
Event: 3.116 Thread 0x000002e33444c220 nmethod 64 0x000002e320f50710 code [0x000002e320f508c0, 0x000002e320f50ad8]
Event: 3.116 Thread 0x000002e33444c220   65       1       java.lang.invoke.MethodType::form (5 bytes)
Event: 3.116 Thread 0x000002e33444c220 nmethod 65 0x000002e328a14d10 code [0x000002e328a14ea0, 0x000002e328a14f58]
Event: 3.117 Thread 0x000002e33444c220   66       3       java.lang.Math::min (11 bytes)
Event: 3.118 Thread 0x000002e33444c220 nmethod 66 0x000002e320f50b90 code [0x000002e320f50d20, 0x000002e320f50e58]

GC Heap History (0 events):
No events

Dll operation events (4 events):
Event: 2.336 Loaded shared library C:\Program Files\Java\jdk-19\bin\java.dll
Event: 2.370 Loaded shared library C:\Program Files\Java\jdk-19\bin\jsvml.dll
Event: 3.211 Loaded shared library C:\Program Files\Java\jdk-19\bin\net.dll
Event: 3.219 Loaded shared library C:\Program Files\Java\jdk-19\bin\nio.dll

Deoptimization events (0 events):
No events

Classes loaded (6 events):
Event: 3.244 Loading class sun/nio/fs/WindowsPath$1
Event: 3.244 Loading class sun/nio/fs/WindowsPath$1 done
Event: 3.244 Loading class java/nio/file/AccessMode
Event: 3.244 Loading class java/nio/file/AccessMode done
Event: 3.244 Loading class sun/nio/fs/WindowsChannelFactory
Event: 3.244 Loading class sun/nio/fs/WindowsChannelFactory done

Classes unloaded (0 events):
No events

Classes redefined (0 events):
No events

Internal exceptions (0 events):
No events

VM Operations (0 events):
No events

Events (11 events):
Event: 2.370 Thread 0x000002e318fd6ee0 Thread added: 0x000002e318fd6ee0
Event: 2.574 Thread 0x000002e3343cc030 Thread added: 0x000002e3343cc030
Event: 2.574 Thread 0x000002e3343d0d20 Thread added: 0x000002e3343d0d20
Event: 2.575 Thread 0x000002e3343d5c70 Thread added: 0x000002e3343d5c70
Event: 2.575 Thread 0x000002e3343d65a0 Thread added: 0x000002e3343d65a0
Event: 2.575 Thread 0x000002e3343d6ed0 Thread added: 0x000002e3343d6ed0
Event: 2.575 Thread 0x000002e3343d7800 Thread added: 0x000002e3343d7800
Event: 2.575 Thread 0x000002e3343d8460 Thread added: 0x000002e3343d8460
Event: 2.723 Thread 0x000002e33444c220 Thread added: 0x000002e33444c220
Event: 2.965 Thread 0x000002e33444f7c0 Thread added: 0x000002e33444f7c0
Event: 3.112 Thread 0x000002e338819520 Thread added: 0x000002e338819520


Dynamic libraries:
0x00007ff65fa30000 - 0x00007ff65fa40000 	C:\Program Files\Java\jdk-19\bin\javaw.exe
0x00007ffa545b0000 - 0x00007ffa547c4000 	C:\WINDOWS\SYSTEM32\ntdll.dll
0x00007ffa53b40000 - 0x00007ffa53c03000 	C:\WINDOWS\System32\KERNEL32.DLL
0x00007ffa52000000 - 0x00007ffa5239d000 	C:\WINDOWS\System32\KERNELBASE.dll
0x00007ffa51eb0000 - 0x00007ffa51fc1000 	C:\WINDOWS\System32\ucrtbase.dll
0x00007ffa4d0b0000 - 0x00007ffa4d0c8000 	C:\Program Files\Java\jdk-19\bin\jli.dll
0x00007ffa539b0000 - 0x00007ffa53a5e000 	C:\WINDOWS\System32\ADVAPI32.dll
0x00007ffa52650000 - 0x00007ffa526f7000 	C:\WINDOWS\System32\msvcrt.dll
0x00007ffa53cc0000 - 0x00007ffa53d64000 	C:\WINDOWS\System32\sechost.dll
0x00007ffa52700000 - 0x00007ffa52815000 	C:\WINDOWS\System32\RPCRT4.dll
0x00007ffa523a0000 - 0x00007ffa5254d000 	C:\WINDOWS\System32\USER32.dll
0x00007ffa51fd0000 - 0x00007ffa51ff6000 	C:\WINDOWS\System32\win32u.dll
0x00007ffa53150000 - 0x00007ffa53179000 	C:\WINDOWS\System32\GDI32.dll
0x00007ffa51ac0000 - 0x00007ffa51bd2000 	C:\WINDOWS\System32\gdi32full.dll
0x00007ffa51d50000 - 0x00007ffa51dea000 	C:\WINDOWS\System32\msvcp_win.dll
0x00007ffa4c330000 - 0x00007ffa4c34b000 	C:\Program Files\Java\jdk-19\bin\VCRUNTIME140.dll
0x00007ffa3c320000 - 0x00007ffa3c5ae000 	C:\WINDOWS\WinSxS\amd64_microsoft.windows.common-controls_6595b64144ccf1df_6.0.22621.608_none_a9444ca7c10bb01d\COMCTL32.dll
0x00007ffa4aa90000 - 0x00007ffa4aa9a000 	C:\WINDOWS\SYSTEM32\VERSION.dll
0x00007ffa53110000 - 0x00007ffa53142000 	C:\WINDOWS\System32\IMM32.DLL
0x00007ffa4d070000 - 0x00007ffa4d07c000 	C:\Program Files\Java\jdk-19\bin\vcruntime140_1.dll
0x00007ffa2eb10000 - 0x00007ffa2eb9e000 	C:\Program Files\Java\jdk-19\bin\msvcp140.dll
0x00007ffa06940000 - 0x00007ffa07600000 	C:\Program Files\Java\jdk-19\bin\server\jvm.dll
0x00007ffa40ef0000 - 0x00007ffa40ef9000 	C:\WINDOWS\SYSTEM32\WSOCK32.dll
0x00007ffa52550000 - 0x00007ffa525c1000 	C:\WINDOWS\System32\WS2_32.dll
0x00007ffa4aad0000 - 0x00007ffa4ab04000 	C:\WINDOWS\SYSTEM32\WINMM.dll
0x00007ffa50a20000 - 0x00007ffa50a38000 	C:\WINDOWS\SYSTEM32\kernel.appcore.dll
0x00007ffa4c360000 - 0x00007ffa4c36a000 	C:\Program Files\Java\jdk-19\bin\jimage.dll
0x00007ffa47f60000 - 0x00007ffa4818e000 	C:\WINDOWS\SYSTEM32\DBGHELP.DLL
0x00007ffa53620000 - 0x00007ffa539aa000 	C:\WINDOWS\System32\combase.dll
0x00007ffa53180000 - 0x00007ffa53257000 	C:\WINDOWS\System32\OLEAUT32.dll
0x00007ffa3fae0000 - 0x00007ffa3fb12000 	C:\WINDOWS\SYSTEM32\dbgcore.DLL
0x00007ffa519d0000 - 0x00007ffa51a4b000 	C:\WINDOWS\System32\bcryptPrimitives.dll
0x00007ffa4b7e0000 - 0x00007ffa4b806000 	C:\Program Files\Java\jdk-19\bin\java.dll
0x00007ffa2ea30000 - 0x00007ffa2eb07000 	C:\Program Files\Java\jdk-19\bin\jsvml.dll
0x00007ffa52920000 - 0x00007ffa5310f000 	C:\WINDOWS\System32\SHELL32.dll
0x00007ffa4f9f0000 - 0x00007ffa502b8000 	C:\WINDOWS\SYSTEM32\windows.storage.dll
0x00007ffa4f8b0000 - 0x00007ffa4f9ee000 	C:\WINDOWS\SYSTEM32\wintypes.dll
0x00007ffa53260000 - 0x00007ffa53351000 	C:\WINDOWS\System32\SHCORE.dll
0x00007ffa53c60000 - 0x00007ffa53cbe000 	C:\WINDOWS\System32\shlwapi.dll
0x00007ffa51900000 - 0x00007ffa51921000 	C:\WINDOWS\SYSTEM32\profapi.dll
0x00007ffa4bad0000 - 0x00007ffa4bae3000 	C:\Program Files\Java\jdk-19\bin\net.dll
0x00007ffa4a5d0000 - 0x00007ffa4a6ff000 	C:\WINDOWS\SYSTEM32\WINHTTP.dll
0x00007ffa50e90000 - 0x00007ffa50ef9000 	C:\WINDOWS\system32\mswsock.dll
0x00007ffa410e0000 - 0x00007ffa410f6000 	C:\Program Files\Java\jdk-19\bin\nio.dll

dbghelp: loaded successfully - version: 4.0.5 - missing functions: none
symbol engine: initialized successfully - sym options: 0x614 - pdb path: .;C:\Program Files\Java\jdk-19\bin;C:\WINDOWS\SYSTEM32;C:\WINDOWS\WinSxS\amd64_microsoft.windows.common-controls_6595b64144ccf1df_6.0.22621.608_none_a9444ca7c10bb01d;C:\Program Files\Java\jdk-19\bin\server

VM Arguments:
jvm_args: -Dfile.encoding=UTF-8 --module-path=C:\Users\Vulli Naresh\eclipse-workspace\TestYantra\bin -XX:+ShowCodeDetailsInExceptionMessages -Djdk.module.main=TestYantra 
java_command: TestYantra/Patterns14.P27
java_class_path (initial): <not set>
Launcher Type: SUN_STANDARD

[Global flags]
     intx CICompilerCount                          = 3                                         {product} {ergonomic}
     uint ConcGCThreads                            = 1                                         {product} {ergonomic}
     uint G1ConcRefinementThreads                  = 4                                         {product} {ergonomic}
   size_t G1HeapRegionSize                         = 1048576                                   {product} {ergonomic}
    uintx GCDrainStackTargetSize                   = 64                                        {product} {ergonomic}
   size_t InitialHeapSize                          = 58720256                                  {product} {ergonomic}
   size_t MarkStackSize                            = 4194304                                   {product} {ergonomic}
   size_t MaxHeapSize                              = 926941184                                 {product} {ergonomic}
   size_t MaxNewSize                               = 555745280                                 {product} {ergonomic}
   size_t MinHeapDeltaBytes                        = 1048576                                   {product} {ergonomic}
   size_t MinHeapSize                              = 8388608                                   {product} {ergonomic}
    uintx NonNMethodCodeHeapSize                   = 5832780                                {pd product} {ergonomic}
    uintx NonProfiledCodeHeapSize                  = 122912730                              {pd product} {ergonomic}
    uintx ProfiledCodeHeapSize                     = 122912730                              {pd product} {ergonomic}
    uintx ReservedCodeCacheSize                    = 251658240                              {pd product} {ergonomic}
     bool SegmentedCodeCache                       = true                                      {product} {ergonomic}
     bool ShowCodeDetailsInExceptionMessages       = true                                   {manageable} {command line}
   size_t SoftMaxHeapSize                          = 926941184                              {manageable} {ergonomic}
     bool UseCompressedClassPointers               = true                           {product lp64_product} {ergonomic}
     bool UseCompressedOops                        = true                           {product lp64_product} {ergonomic}
     bool UseG1GC                                  = true                                      {product} {ergonomic}
     bool UseLargePagesIndividualAllocation        = false                                  {pd product} {ergonomic}

Logging:
Log output configuration:
 #0: stdout all=warning uptime,level,tags foldmultilines=false
 #1: stderr all=off uptime,level,tags foldmultilines=false

Environment Variables:
PATH=C:\Program Files\Common Files\Oracle\Java\javapath;C:\oracle\product\10.2.0\db_1\bin;C:\oraclexe\app\oracle\product\11.2.0\server\bin;;C:\WINDOWS\system32;C:\WINDOWS;C:\WINDOWS\System32\Wbem;C:\WINDOWS\System32\WindowsPowerShell\v1.0\;C:\WINDOWS\System32\OpenSSH\;C:\Program Files (x86)\PuTTY\;C:\Program Files\nodejs\;C:\Users\Vulli Naresh\AppData\Local\Programs\Python\Python37\Scripts\;C:\Users\Vulli Naresh\AppData\Local\Programs\Python\Python37\;C:\Users\Vulli Naresh\AppData\Local\Microsoft\WindowsApps;C:\Users\Vulli Naresh\AppData\Roaming\npm;C:\Users\Vulli Naresh\AppData\Local\Programs\Microsoft VS Code\bin;
USERNAME=Vulli Naresh
OS=Windows_NT
PROCESSOR_IDENTIFIER=AMD64 Family 23 Model 24 Stepping 1, AuthenticAMD
TMP=C:\Users\VULLIN~1\AppData\Local\Temp
TEMP=C:\Users\VULLIN~1\AppData\Local\Temp



---------------  S Y S T E M  ---------------

OS:
 Windows 11 , 64 bit Build 22621 (10.0.22621.1105)
OS uptime: 0 days 15:28 hours

CPU: total 4 (initial active 4) (4 cores per cpu, 1 threads per core) family 23 model 24 stepping 1 microcode 0x0, cx8, cmov, fxsr, mmx, 3dnowpref, sse, sse2, sse3, ssse3, sse4a, sse4.1, sse4.2, popcnt, lzcnt, tsc, tscinvbit, avx, avx2, aes, clmul, bmi1, bmi2, adx, sha, fma, vzeroupper, clflush, clflushopt, rdtscp

Memory: 4k page, system-wide physical 3531M (339M free)
TotalPageFile size 14283M (AvailPageFile size 260M)
current process WorkingSet (physical memory assigned to process): 28M, peak: 28M
current process commit charge ("private bytes"): 126M, peak: 126M

vm_info: Java HotSpot(TM) 64-Bit Server VM (19.0.1+10-21) for windows-amd64 JRE (19.0.1+10-21), built on 2022-09-14T12:45:06Z by "mach5one" with MS VC++ 17.1 (VS2022)

END.
